<?xml version="1.0" encoding="UTF-8"?>
<!-- Generated by org.testng.reporters.JUnitReportReporter -->
<testsuite hostname="GUEST090" failures="0" tests="1" name="com.execution.Amazon" time="11.720" errors="0" timestamp="2020-10-03T14:00:35 IST" skipped="0">
  <testcase classname="com.execution.Amazon" name="webScraping" time="11.720"/>
  <system-out/>
</testsuite> <!-- com.execution.Amazon -->
