<?xml version="1.0" encoding="UTF-8"?>
<!-- Generated by org.testng.reporters.JUnitReportReporter -->
<testsuite skipped="0" hostname="GUEST090" name="com.execution.AmazonTest" tests="1" failures="0" timestamp="2020-10-03T17:34:39 IST" time="6.004" errors="0">
  <testcase name="webScraping" time="6.004" classname="com.execution.AmazonTest"/>
  <system-out/>
</testsuite> <!-- com.execution.AmazonTest -->
