<?xml version="1.0" encoding="UTF-8"?>
<!-- Generated by org.testng.reporters.JUnitReportReporter -->
<testsuite skipped="0" hostname="GUEST090" name="com.execution.AmazonTest" tests="1" failures="0" timestamp="2020-10-04T11:34:18 IST" time="8.026" errors="0">
  <testcase name="webScraping" time="8.026" classname="com.execution.AmazonTest"/>
  <system-out/>
</testsuite> <!-- com.execution.AmazonTest -->
