<?xml version="1.0" encoding="UTF-8"?>
<!-- Generated by org.testng.reporters.JUnitReportReporter -->
<testsuite skipped="0" hostname="GUEST090" name="com.execution.AmazonTest" tests="1" failures="0" timestamp="2020-10-10T17:07:46 IST" time="7.722" errors="0">
  <testcase name="webScraping" time="7.722" classname="com.execution.AmazonTest"/>
  <system-out/>
</testsuite> <!-- com.execution.AmazonTest -->
